<?xml version="1.0" encoding="utf-8" standalone="no"?>
<!--This file represents the results of running a test suite-->
<test-results name="bin/Debug/SequelSharp.Specs.dll" total="2" failures="0" not-run="13" date="2011-01-19" time="22:54:15">
  <environment nunit-version="2.4.8.0" clr-version="4.0.30319.1" os-version="Unix 2.6.35.23" platform="Unix" cwd="/home/remi/projects/SequelSharp" machine-name="ninamori" user="remi" user-domain="ninamori" />
  <culture-info current-culture="en-US" current-uiculture="en-US" />
  <test-suite name="bin/Debug/SequelSharp.Specs.dll" success="True" time="1.598" asserts="0">
    <results>
      <test-suite name="SequelSharp" success="True" time="1.597" asserts="0">
        <results>
          <test-suite name="Specs" success="True" time="1.597" asserts="0">
            <results>
              <test-suite name="SequelSpec" success="True" time="1.569" asserts="0">
                <results>
                  <test-case name="SequelSharp.Specs.SequelSpec.can_add_table_to_database" executed="False">
                    <reason>
                      <message><![CDATA[]]></message>
                    </reason>
                  </test-case>
                  <test-case name="SequelSharp.Specs.SequelSpec.can_connect_to_SQL_Server_using_Sequel_Connect_with_connection_string" executed="True" success="True" time="0.556" asserts="6" />
                  <test-case name="SequelSharp.Specs.SequelSpec.can_connect_to_SQL_Server_using_Sequel_SqlServer_with_connection_string" executed="False">
                    <reason>
                      <message><![CDATA[]]></message>
                    </reason>
                  </test-case>
                  <test-case name="SequelSharp.Specs.SequelSpec.can_connect_to_SQL_Server_using_Sequel_SqlServer_with_host_and_database" executed="False">
                    <reason>
                      <message><![CDATA[]]></message>
                    </reason>
                  </test-case>
                  <test-case name="SequelSharp.Specs.SequelSpec.can_connect_to_SQL_Server_using_Sequel_SqlServer_with_host_which_defaults_to_master_database" executed="False">
                    <reason>
                      <message><![CDATA[]]></message>
                    </reason>
                  </test-case>
                  <test-case name="SequelSharp.Specs.SequelSpec.can_create_new_database" executed="True" success="True" time="0.975" asserts="4" />
                  <test-case name="SequelSharp.Specs.SequelSpec.can_drop_database" executed="False">
                    <reason>
                      <message><![CDATA[]]></message>
                    </reason>
                  </test-case>
                  <test-case name="SequelSharp.Specs.SequelSpec.can_drop_table_from_database" executed="False">
                    <reason>
                      <message><![CDATA[]]></message>
                    </reason>
                  </test-case>
                  <test-case name="SequelSharp.Specs.SequelSpec.can_Use_a_database" executed="False">
                    <reason>
                      <message><![CDATA[]]></message>
                    </reason>
                  </test-case>
                  <test-case name="SequelSharp.Specs.SequelSpec.connecting_to_non_extent_database_returns_null_if_Sequel_ThrowExceptions_is_false" executed="False">
                    <reason>
                      <message><![CDATA[]]></message>
                    </reason>
                  </test-case>
                  <test-case name="SequelSharp.Specs.SequelSpec.connecting_to_non_extent_database_throws_exception_if_Sequel_ThrowExceptions_is_true" executed="False">
                    <reason>
                      <message><![CDATA[]]></message>
                    </reason>
                  </test-case>
                  <test-case name="SequelSharp.Specs.SequelSpec.connection_options_can_be_passed_as_a_Dictionary" executed="False">
                    <reason>
                      <message><![CDATA[]]></message>
                    </reason>
                  </test-case>
                  <test-case name="SequelSharp.Specs.SequelSpec.connection_options_can_be_passed_as_an_anonymous_object" executed="False">
                    <reason>
                      <message><![CDATA[]]></message>
                    </reason>
                  </test-case>
                  <test-case name="SequelSharp.Specs.SequelSpec.connection_options_can_be_passed_using_named_parameters" executed="False">
                    <reason>
                      <message><![CDATA[]]></message>
                    </reason>
                  </test-case>
                  <test-case name="SequelSharp.Specs.SequelSpec.Sequel_Connect_defaults_to_SQL_Server_if_adapter_not_specified" executed="False">
                    <reason>
                      <message><![CDATA[]]></message>
                    </reason>
                  </test-case>
                </results>
              </test-suite>
            </results>
          </test-suite>
        </results>
      </test-suite>
    </results>
  </test-suite>
</test-results>